This is pdfTeXk, Version 3.141592-1.40.3 (Web2C 7.5.6) (format=pdflatex 2015.2.2)  1 APR 2015 18:05
entering extended mode
 %&-line parsing enabled.
**L1Note.tex
(./L1Note.tex
LaTeX2e <2005/12/01>
Babel <v3.8h> and hyphenation patterns for english, usenglishmax, dumylang, noh
yphenation, arabic, basque, bulgarian, coptic, welsh, czech, slovak, german, ng
erman, danish, esperanto, spanish, catalan, galician, estonian, farsi, finnish,
 french, greek, monogreek, ancientgreek, croatian, hungarian, interlingua, ibyc
us, indonesian, icelandic, italian, latin, mongolian, dutch, norsk, polish, por
tuguese, pinyin, romanian, russian, slovenian, uppersorbian, serbian, swedish, 
turkish, ukenglish, ukrainian, loaded.
(./cmspaperpdf.cls
CMS paper style Version <0.4>, <25 Nov. 1996>
based on Document Style 'CERNART' Version <2.1>, <1 May 1995>

LaTeX Warning: You have requested document class `cmspaperpdf',
               but the document class provides `cmspaper'.

Document Class: cmspaper 1996/11/25
(/usr/share/texmf/tex/latex/base/article.cls
Document Class: article 2005/09/16 v1.4f Standard LaTeX document class
(/usr/share/texmf/tex/latex/base/size11.clo
File: size11.clo 2005/09/16 v1.4f Standard LaTeX file (size option)
)
\c@part=\count79
\c@section=\count80
\c@subsection=\count81
\c@subsubsection=\count82
\c@paragraph=\count83
\c@subparagraph=\count84
\c@figure=\count85
\c@table=\count86
\abovecaptionskip=\skip41
\belowcaptionskip=\skip42
\bibindent=\dimen102
)
\c@instfoot=\count87

(/usr/share/texmf/tex/latex/graphics/graphics.sty
Package: graphics 2006/02/20 v1.0o Standard LaTeX Graphics (DPC,SPQR)

(/usr/share/texmf/tex/latex/graphics/trig.sty
Package: trig 1999/03/16 v1.09 sin cos tan (DPC)
)
(/usr/share/texmf/tex/latex/config/graphics.cfg
File: graphics.cfg 2007/01/18 v1.5 graphics configuration of teTeX/TeXLive
)
Package graphics Info: Driver file: pdftex.def on input line 90.

(/usr/share/texmf/tex/latex/pdftex-def/pdftex.def
File: pdftex.def 2007/01/08 v0.04d Graphics/color for pdfTeX
\Gread@gobject=\count88
)))
(/usr/share/texmf/tex/latex/amsmath/amsmath.sty
Package: amsmath 2000/07/18 v2.13 AMS math features
\@mathmargin=\skip43

For additional information on amsmath, use the `?' option.
(/usr/share/texmf/tex/latex/amsmath/amstext.sty
Package: amstext 2000/06/29 v2.01

(/usr/share/texmf/tex/latex/amsmath/amsgen.sty
File: amsgen.sty 1999/11/30 v2.0
\@emptytoks=\toks14
\ex@=\dimen103
))
(/usr/share/texmf/tex/latex/amsmath/amsbsy.sty
Package: amsbsy 1999/11/29 v1.2d
\pmbraise@=\dimen104
)
(/usr/share/texmf/tex/latex/amsmath/amsopn.sty
Package: amsopn 1999/12/14 v2.01 operator names
)
\inf@bad=\count89
LaTeX Info: Redefining \frac on input line 211.
\uproot@=\count90
\leftroot@=\count91
LaTeX Info: Redefining \overline on input line 307.
\classnum@=\count92
\DOTSCASE@=\count93
LaTeX Info: Redefining \ldots on input line 379.
LaTeX Info: Redefining \dots on input line 382.
LaTeX Info: Redefining \cdots on input line 467.
\Mathstrutbox@=\box26
\strutbox@=\box27
\big@size=\dimen105
LaTeX Font Info:    Redeclaring font encoding OML on input line 567.
LaTeX Font Info:    Redeclaring font encoding OMS on input line 568.
\macc@depth=\count94
\c@MaxMatrixCols=\count95
\dotsspace@=\muskip10
\c@parentequation=\count96
\dspbrk@lvl=\count97
\tag@help=\toks15
\row@=\count98
\column@=\count99
\maxfields@=\count100
\andhelp@=\toks16
\eqnshift@=\dimen106
\alignsep@=\dimen107
\tagshift@=\dimen108
\tagwidth@=\dimen109
\totwidth@=\dimen110
\lineht@=\dimen111
\@envbody=\toks17
\multlinegap=\skip44
\multlinetaggap=\skip45
\mathdisplay@stack=\toks18
LaTeX Info: Redefining \[ on input line 2666.
LaTeX Info: Redefining \] on input line 2667.
)
(/usr/share/texmf/tex/latex/graphics/epsfig.sty
Package: epsfig 1999/02/16 v1.7a (e)psfig emulation (SPQR)

(/usr/share/texmf/tex/latex/graphics/graphicx.sty
Package: graphicx 1999/02/16 v1.0f Enhanced LaTeX Graphics (DPC,SPQR)

(/usr/share/texmf/tex/latex/graphics/keyval.sty
Package: keyval 1999/03/16 v1.13 key=value parser (DPC)
\KV@toks@=\toks19
)
\Gin@req@height=\dimen112
\Gin@req@width=\dimen113
)
\epsfxsize=\dimen114
\epsfysize=\dimen115
)
(/usr/share/texmf/tex/latex/subfigure/subfigure.sty
Package: subfigure 2002/03/15 v2.1.5 subfigure package
\subfigtopskip=\skip46
\subfigcapskip=\skip47
\subfigcaptopadj=\dimen116
\subfigbottomskip=\skip48
\subfigcapmargin=\dimen117
\subfiglabelskip=\skip49
\c@subfigure=\count101
\c@lofdepth=\count102
\c@subtable=\count103
\c@lotdepth=\count104

****************************************
* Local config file subfigure.cfg used *
****************************************
(/usr/share/texmf/tex/latex/subfigure/subfigure.cfg)
\subfig@top=\skip50
\subfig@bottom=\skip51
)
(/usr/share/texmf/tex/latex/multirow/multirow.sty
\bigstrutjot=\dimen118
) (./L1Note.aux

LaTeX Warning: Label `fig:newpmts' multiply defined.

)
\openout1 = `L1Note.aux'.

LaTeX Font Info:    Checking defaults for OML/cmm/m/it on input line 15.
LaTeX Font Info:    ... okay on input line 15.
LaTeX Font Info:    Checking defaults for T1/cmr/m/n on input line 15.
LaTeX Font Info:    ... okay on input line 15.
LaTeX Font Info:    Checking defaults for OT1/cmr/m/n on input line 15.
LaTeX Font Info:    ... okay on input line 15.
LaTeX Font Info:    Checking defaults for OMS/cmsy/m/n on input line 15.
LaTeX Font Info:    ... okay on input line 15.
LaTeX Font Info:    Checking defaults for OMX/cmex/m/n on input line 15.
LaTeX Font Info:    ... okay on input line 15.
LaTeX Font Info:    Checking defaults for U/cmr/m/n on input line 15.
LaTeX Font Info:    ... okay on input line 15.
LaTeX Font Info:    Try loading font information for OT1+ptm on input line 15.
 (/usr/share/texmf/tex/latex/psnfss/ot1ptm.fd
File: ot1ptm.fd 2001/06/04 font definitions for OT1/ptm.
)
LaTeX Font Info:    Font shape `OT1/ptm/bx/n' in size <14.4> not available
(Font)              Font shape `OT1/ptm/b/n' tried instead on input line 18.

<cms_an.pdf, id=1, 447.6725pt x 91.34125pt>
File: cms_an.pdf Graphic file (type pdf)
 <use cms_an.pdf>
LaTeX Font Info:    Font shape `OT1/ptm/bx/n' in size <12> not available
(Font)              Font shape `OT1/ptm/b/n' tried instead on input line 20.
LaTeX Font Info:    Try loading font information for OT1+phv on input line 27.

(/usr/share/texmf/tex/latex/psnfss/ot1phv.fd
File: ot1phv.fd 2001/06/04 scalable font definitions for OT1/phv.
)
LaTeX Font Info:    Font shape `OT1/ptm/bx/n' in size <10.95> not available
(Font)              Font shape `OT1/ptm/b/n' tried instead on input line 36.
 [1


{/usr/share/texmf/fonts/map/pdftex/updmap/pdftex.map} <./cms_an.pdf>] (./L1Note
.toc)
\tf@toc=\write3
\openout3 = `L1Note.toc'.

 [1]
<plots/hcaltdr_plot.png, id=31, 572.3784pt x 211.5102pt>
File: plots/hcaltdr_plot.png Graphic file (type png)

<use plots/hcaltdr_plot.png>
Overfull \hbox (3.05925pt too wide) in paragraph at lines 60--61
 [][] 
 []

[2 <./plots/hcaltdr_plot.png>]
LaTeX Font Info:    Try loading font information for OT1+pcr on input line 77.
 (/usr/share/texmf/tex/latex/psnfss/ot1pcr.fd
File: ot1pcr.fd 2001/06/04 font definitions for OT1/pcr.
)
<plots/L1JetAlgorithm.png, id=39, 343.0416pt x 176.8206pt>
File: plots/L1JetAlgorithm.png Graphic file (type png)

<use plots/L1JetAlgorithm.png>

LaTeX Warning: `!h' float specifier changed to `!ht'.

[3] <plots/ptSpectrum_cenJets_MinBias_runD.png, id=45, 497.86pt x 438.63875pt>
File: plots/ptSpectrum_cenJets_MinBias_runD.png Graphic file (type png)

<use plots/ptSpectrum_cenJets_MinBias_runD.png>
<plots/ptSpectrum_cenJets_SingleMu_runD.png, id=46, 497.86pt x 438.63875pt>
File: plots/ptSpectrum_cenJets_SingleMu_runD.png Graphic file (type png)

<use plots/ptSpectrum_cenJets_SingleMu_runD.png>
Underfull \hbox (badness 2012) in paragraph at lines 134--134
[]\OT1/ptm/m/n/10.95 Figure 4: Level-1 Jet spec-trum for cen-tral
 []


LaTeX Warning: `!h' float specifier changed to `!ht'.

<plots/Rate_cenJets_MinBias_runD.png, id=47, 497.86pt x 674.52pt>
File: plots/Rate_cenJets_MinBias_runD.png Graphic file (type png)

<use plots/Rate_cenJets_MinBias_runD.png>
<plots/Rate_cenJets_SingleMu_runD.png, id=48, 497.86pt x 674.52pt>
File: plots/Rate_cenJets_SingleMu_runD.png Graphic file (type png)

<use plots/Rate_cenJets_SingleMu_runD.png>

LaTeX Warning: `!h' float specifier changed to `!ht'.


<plots/early_l1Jet_withSaturatedEt_eta_phi_ZeroBias_runD.png, id=49, 751.80875p
t x 343.2825pt>
File: plots/early_l1Jet_withSaturatedEt_eta_phi_ZeroBias_runD.png Graphic file 
(type png)

<use plots/early_l1Jet_withSaturatedEt_eta_phi_ZeroBias_runD.png>
<plots/central_l1Jet_withSaturatedEt_eta_phi_ZeroBias_runD.png, id=50, 751.8087
5pt x 345.29pt>
File: plots/central_l1Jet_withSaturatedEt_eta_phi_ZeroBias_runD.png Graphic fil
e (type png)

<use plots/central_l1Jet_withSaturatedEt_eta_phi_ZeroBias_runD.png> [4 <./plots
/L1JetAlgorithm.png>]

LaTeX Warning: Text page 5 contains only floats.

[5 <./plots/ptSpectrum_cenJets_MinBias_runD.png (PNG copy)> <./plots/ptSpectrum
_cenJets_SingleMu_runD.png (PNG copy)> <./plots/Rate_cenJets_MinBias_runD.png (
PNG copy)> <./plots/Rate_cenJets_SingleMu_runD.png (PNG copy)>] [6 <./plots/ear
ly_l1Jet_withSaturatedEt_eta_phi_ZeroBias_runD.png (PNG copy)> <./plots/central
_l1Jet_withSaturatedEt_eta_phi_ZeroBias_runD.png (PNG copy)>]
<plots/ptSpectrum_FwdJets_MinBias_runD.png, id=63, 497.86pt x 438.63875pt>
File: plots/ptSpectrum_FwdJets_MinBias_runD.png Graphic file (type png)

<use plots/ptSpectrum_FwdJets_MinBias_runD.png>
<plots/ptSpectrum_FwdJets_SingleMu_runD.png, id=64, 497.86pt x 438.63875pt>
File: plots/ptSpectrum_FwdJets_SingleMu_runD.png Graphic file (type png)

<use plots/ptSpectrum_FwdJets_SingleMu_runD.png>
<plots/Rate_FwdJets_MinBias_runD.png, id=65, 497.86pt x 674.52pt>
File: plots/Rate_FwdJets_MinBias_runD.png Graphic file (type png)

<use plots/Rate_FwdJets_MinBias_runD.png>
<plots/Rate_FwdJets_SingleMu_runD.png, id=66, 497.86pt x 674.52pt>
File: plots/Rate_FwdJets_SingleMu_runD.png Graphic file (type png)

<use plots/Rate_FwdJets_SingleMu_runD.png>
Underfull \hbox (badness 1264) in paragraph at lines 182--182
[]\OT1/ptm/m/n/10.95 Figure 11: Level-1 Jet rate in the For-ward
 []


Underfull \hbox (badness 1264) in paragraph at lines 183--183
[]\OT1/ptm/m/n/10.95 Figure 12: Level-1 Jet rate in the For-ward
 []


LaTeX Warning: `!h' float specifier changed to `!ht'.

<plots/towers_ieta_iphi_2009.png, id=67, 794.97pt x 1228.59pt>
File: plots/towers_ieta_iphi_2009.png Graphic file (type png)

<use plots/towers_ieta_iphi_2009.png>
<plots/upgradedPMTs_regions_in2012.png, id=68, 445.1832pt x 424.9476pt>
File: plots/upgradedPMTs_regions_in2012.png Graphic file (type png)

<use plots/upgradedPMTs_regions_in2012.png>
<plots/oldPMTs_Rate_FwdJets_SingleMu_runD.png, id=69, 497.86pt x 674.52pt>
File: plots/oldPMTs_Rate_FwdJets_SingleMu_runD.png Graphic file (type png)

<use plots/oldPMTs_Rate_FwdJets_SingleMu_runD.png>
<plots/upgradedPMTs_Rate_FwdJets_SingleMu_runD.png, id=70, 497.86pt x 674.52pt>
File: plots/upgradedPMTs_Rate_FwdJets_SingleMu_runD.png Graphic file (type png)

<use plots/upgradedPMTs_Rate_FwdJets_SingleMu_runD.png>
Underfull \hbox (badness 1264) in paragraph at lines 215--215
[]\OT1/ptm/m/n/10.95 Figure 15: Level-1 Jet rate in the For-ward
 []


Underfull \hbox (badness 1264) in paragraph at lines 216--216
[]\OT1/ptm/m/n/10.95 Figure 16: Level-1 Jet rate in the For-ward
 []


LaTeX Warning: `!h' float specifier changed to `!ht'.

<plots/rates_comparison_old-vs-new-PMTs.png, id=71, 497.86pt x 438.63875pt>
File: plots/rates_comparison_old-vs-new-PMTs.png Graphic file (type png)

<use plots/rates_comparison_old-vs-new-PMTs.png> [7 <./plots/ptSpectrum_FwdJets
_MinBias_runD.png (PNG copy)> <./plots/ptSpectrum_FwdJets_SingleMu_runD.png (PN
G copy)>]
<plots/l1Jet_rate_HBHE_SMP_WZ_TSGskim.png, id=75, 497.86pt x 674.52pt>
File: plots/l1Jet_rate_HBHE_SMP_WZ_TSGskim.png Graphic file (type png)

<use plots/l1Jet_rate_HBHE_SMP_WZ_TSGskim.png>
<plots/l1Jet_rate_HBHE_tt_TSGskim.png, id=76, 497.86pt x 674.52pt>
File: plots/l1Jet_rate_HBHE_tt_TSGskim.png Graphic file (type png)

<use plots/l1Jet_rate_HBHE_tt_TSGskim.png>

LaTeX Warning: `!h' float specifier changed to `!ht'.

<plots/l1Jet_rate_HBHE_HWW_TSGskim.png, id=77, 497.86pt x 674.52pt>
File: plots/l1Jet_rate_HBHE_HWW_TSGskim.png Graphic file (type png)

<use plots/l1Jet_rate_HBHE_HWW_TSGskim.png>
<plots/l1Jet_rate_HBHE_Htautau_TSGskim.png, id=78, 497.86pt x 674.52pt>
File: plots/l1Jet_rate_HBHE_Htautau_TSGskim.png Graphic file (type png)

<use plots/l1Jet_rate_HBHE_Htautau_TSGskim.png>

LaTeX Warning: `!h' float specifier changed to `!ht'.

<plots/l1Jet_rate_HF_SMP_WZ_TSGskim.png, id=79, 497.86pt x 674.52pt>
File: plots/l1Jet_rate_HF_SMP_WZ_TSGskim.png Graphic file (type png)

<use plots/l1Jet_rate_HF_SMP_WZ_TSGskim.png>
<plots/l1Jet_rate_HF_tt_TSGskim.png, id=80, 497.86pt x 674.52pt>
File: plots/l1Jet_rate_HF_tt_TSGskim.png Graphic file (type png)

<use plots/l1Jet_rate_HF_tt_TSGskim.png>

LaTeX Warning: `!h' float specifier changed to `!ht'.

<plots/l1Jet_rate_HF_HWW_TSGskim.png, id=81, 497.86pt x 674.52pt>
File: plots/l1Jet_rate_HF_HWW_TSGskim.png Graphic file (type png)

<use plots/l1Jet_rate_HF_HWW_TSGskim.png>
<plots/l1Jet_rate_HF_Htautau_TSGskim.png, id=82, 497.86pt x 674.52pt>
File: plots/l1Jet_rate_HF_Htautau_TSGskim.png Graphic file (type png)

<use plots/l1Jet_rate_HF_Htautau_TSGskim.png>

LaTeX Warning: `!h' float specifier changed to `!ht'.

[8 <./plots/Rate_FwdJets_MinBias_runD.png (PNG copy)> <./plots/Rate_FwdJets_Sin
gleMu_runD.png (PNG copy)>] [9 <./plots/towers_ieta_iphi_2009.png (PNG copy)> <
./plots/upgradedPMTs_regions_in2012.png>]
No file L1Note.bbl.
[10 <./plots/oldPMTs_Rate_FwdJets_SingleMu_runD.png (PNG copy)> <./plots/upgrad
edPMTs_Rate_FwdJets_SingleMu_runD.png (PNG copy)>] [11 <./plots/rates_compariso
n_old-vs-new-PMTs.png (PNG copy)> <./plots/l1Jet_rate_HBHE_SMP_WZ_TSGskim.png (
PNG copy)> <./plots/l1Jet_rate_HBHE_tt_TSGskim.png (PNG copy)>] [12 <./plots/l1
Jet_rate_HBHE_HWW_TSGskim.png (PNG copy)> <./plots/l1Jet_rate_HBHE_Htautau_TSGs
kim.png (PNG copy)>] [13 <./plots/l1Jet_rate_HF_SMP_WZ_TSGskim.png (PNG copy)> 
<./plots/l1Jet_rate_HF_tt_TSGskim.png (PNG copy)>] [14 <./plots/l1Jet_rate_HF_H
WW_TSGskim.png (PNG copy)> <./plots/l1Jet_rate_HF_Htautau_TSGskim.png (PNG copy
)>] (./L1Note.aux)

LaTeX Warning: There were multiply-defined labels.

 ) 
Here is how much of TeX's memory you used:
 1754 strings out of 256216
 24347 string characters out of 1917073
 76751 words of memory out of 1500000
 5007 multiletter control sequences out of 10000+200000
 23634 words of font info for 51 fonts, out of 1200000 for 2000
 645 hyphenation exceptions out of 8191
 30i,14n,24p,649b,365s stack positions out of 5000i,500n,6000p,200000b,15000s
{/usr/share/texmf/fonts/enc/dvips/base/8r.enc}</usr/share/texmf/fonts/type1/b
luesky/cm/cmmi10.pfb></usr/share/texmf/fonts/type1/bluesky/cm/cmmi8.pfb></usr/s
hare/texmf/fonts/type1/bluesky/cm/cmr10.pfb></usr/share/texmf/fonts/type1/blues
ky/cm/cmr7.pfb></usr/share/texmf/fonts/type1/bluesky/cm/cmr8.pfb></usr/share/te
xmf/fonts/type1/bluesky/cm/cmsy10.pfb></usr/share/texmf/fonts/type1/bluesky/cm/
cmsy8.pfb></usr/share/texmf/fonts/type1/urw/courier/ucrr8a.pfb></usr/share/texm
f/fonts/type1/urw/helvetic/uhvr8a.pfb></usr/share/texmf/fonts/type1/urw/times/u
tmb8a.pfb></usr/share/texmf/fonts/type1/urw/times/utmr8a.pfb></usr/share/texmf/
fonts/type1/urw/times/utmri8a.pfb>
Output written on L1Note.pdf (15 pages, 852447 bytes).
PDF statistics:
 145 PDF objects out of 1000 (max. 8388607)
 0 named destinations out of 1000 (max. 131072)
 131 words of extra memory for PDF output out of 10000 (max. 10000000)

